[0506/124013.895:ERROR:process_memory_win.cc(73)] ReadMemory at 0x4e255ea000 of 90112 bytes failed: Only part of a ReadProcessMemory or WriteProcessMemory request was completed. (0x12B)
[0506/124013.895:ERROR:process_memory_win.cc(73)] ReadMemory at 0x4e25dfd000 of 12288 bytes failed: Only part of a ReadProcessMemory or WriteProcessMemory request was completed. (0x12B)
[0506/124013.895:ERROR:process_memory_win.cc(73)] ReadMemory at 0x4e26dfd000 of 12288 bytes failed: Only part of a ReadProcessMemory or WriteProcessMemory request was completed. (0x12B)
[0506/124013.895:ERROR:process_memory_win.cc(73)] ReadMemory at 0x4e275fb000 of 20480 bytes failed: Only part of a ReadProcessMemory or WriteProcessMemory request was completed. (0x12B)
[0506/124013.895:ERROR:process_memory_win.cc(73)] ReadMemory at 0x4e27dfe000 of 8192 bytes failed: Only part of a ReadProcessMemory or WriteProcessMemory request was completed. (0x12B)
[0506/124013.895:ERROR:process_memory_win.cc(73)] ReadMemory at 0x4e285fd000 of 12288 bytes failed: Only part of a ReadProcessMemory or WriteProcessMemory request was completed. (0x12B)
[0506/124013.895:ERROR:process_memory_win.cc(73)] ReadMemory at 0x4e28dfb000 of 20480 bytes failed: Only part of a ReadProcessMemory or WriteProcessMemory request was completed. (0x12B)
[0506/124013.895:ERROR:process_memory_win.cc(73)] ReadMemory at 0x4e295fd000 of 12288 bytes failed: Only part of a ReadProcessMemory or WriteProcessMemory request was completed. (0x12B)
[0506/124013.895:ERROR:process_memory_win.cc(73)] ReadMemory at 0x4e29dfa000 of 24576 bytes failed: Only part of a ReadProcessMemory or WriteProcessMemory request was completed. (0x12B)
[0506/124013.895:ERROR:process_memory_win.cc(73)] ReadMemory at 0x4e2a5fc000 of 16384 bytes failed: Only part of a ReadProcessMemory or WriteProcessMemory request was completed. (0x12B)
[0506/124013.895:ERROR:process_memory_win.cc(73)] ReadMemory at 0x4e2c5f4000 of 49152 bytes failed: Only part of a ReadProcessMemory or WriteProcessMemory request was completed. (0x12B)
[0506/124013.895:ERROR:process_memory_win.cc(73)] ReadMemory at 0x4e2adfd000 of 12288 bytes failed: Only part of a ReadProcessMemory or WriteProcessMemory request was completed. (0x12B)
[0506/124013.895:ERROR:process_memory_win.cc(73)] ReadMemory at 0x4e265fd000 of 12288 bytes failed: Only part of a ReadProcessMemory or WriteProcessMemory request was completed. (0x12B)
[0506/124013.895:ERROR:process_memory_win.cc(73)] ReadMemory at 0x4e24dd0000 of 852 bytes failed: Only part of a ReadProcessMemory or WriteProcessMemory request was completed. (0x12B)
[0506/124013.895:ERROR:process_memory_win.cc(73)] ReadMemory at 0x4e24dd1000 of 6024 bytes failed: Only part of a ReadProcessMemory or WriteProcessMemory request was completed. (0x12B)
[0506/124013.895:ERROR:process_memory_win.cc(73)] ReadMemory at 0x4e24dd3000 of 6024 bytes failed: Only part of a ReadProcessMemory or WriteProcessMemory request was completed. (0x12B)
[0506/124013.895:ERROR:process_memory_win.cc(73)] ReadMemory at 0x4e24dd7000 of 6024 bytes failed: Only part of a ReadProcessMemory or WriteProcessMemory request was completed. (0x12B)
[0506/124013.895:ERROR:process_memory_win.cc(73)] ReadMemory at 0x4e24dd8f80 of 6152 bytes failed: Only part of a ReadProcessMemory or WriteProcessMemory request was completed. (0x12B)
[0506/124013.895:ERROR:process_memory_win.cc(73)] ReadMemory at 0x4e24ddb000 of 6024 bytes failed: Only part of a ReadProcessMemory or WriteProcessMemory request was completed. (0x12B)
[0506/124013.895:ERROR:process_memory_win.cc(73)] ReadMemory at 0x4e24ddd000 of 6024 bytes failed: Only part of a ReadProcessMemory or WriteProcessMemory request was completed. (0x12B)
[0506/124013.895:ERROR:process_memory_win.cc(73)] ReadMemory at 0x4e24ddf000 of 6024 bytes failed: Only part of a ReadProcessMemory or WriteProcessMemory request was completed. (0x12B)
[0506/124013.895:ERROR:process_memory_win.cc(73)] ReadMemory at 0x4e24de1000 of 6024 bytes failed: Only part of a ReadProcessMemory or WriteProcessMemory request was completed. (0x12B)
[0506/124013.895:ERROR:process_memory_win.cc(73)] ReadMemory at 0x4e24de3000 of 6024 bytes failed: Only part of a ReadProcessMemory or WriteProcessMemory request was completed. (0x12B)
[0506/124013.895:ERROR:process_memory_win.cc(73)] ReadMemory at 0x4e24de5000 of 6024 bytes failed: Only part of a ReadProcessMemory or WriteProcessMemory request was completed. (0x12B)
[0506/124013.895:ERROR:process_memory_win.cc(73)] ReadMemory at 0x4e24ded000 of 6024 bytes failed: Only part of a ReadProcessMemory or WriteProcessMemory request was completed. (0x12B)
[0506/124013.895:ERROR:process_memory_win.cc(73)] ReadMemory at 0x4e24def000 of 6024 bytes failed: Only part of a ReadProcessMemory or WriteProcessMemory request was completed. (0x12B)
[0506/124013.895:ERROR:process_memory_win.cc(73)] ReadMemory at 0x4e24df3000 of 6024 bytes failed: Only part of a ReadProcessMemory or WriteProcessMemory request was completed. (0x12B)
[0506/124013.895:ERROR:process_memory_win.cc(73)] ReadMemory at 0x19555420750 of 80 bytes failed: Only part of a ReadProcessMemory or WriteProcessMemory request was completed. (0x12B)
[0506/124013.895:ERROR:process_memory_win.cc(73)] ReadMemory at 0x19555420fe0 of 4072 bytes failed: Only part of a ReadProcessMemory or WriteProcessMemory request was completed. (0x12B)
[0506/124013.895:ERROR:process_memory_win.cc(73)] ReadMemory at 0x19555421fd0 of 1012 bytes failed: Only part of a ReadProcessMemory or WriteProcessMemory request was completed. (0x12B)
[0506/124013.895:ERROR:process_memory_win.cc(73)] ReadMemory at 0x19555422618 of 118 bytes failed: Only part of a ReadProcessMemory or WriteProcessMemory request was completed. (0x12B)
[0506/124013.895:ERROR:process_memory_win.cc(73)] ReadMemory at 0x19555422690 of 1180 bytes failed: Only part of a ReadProcessMemory or WriteProcessMemory request was completed. (0x12B)
[0506/124013.895:ERROR:process_memory_win.cc(73)] ReadMemory at 0x19555422b2e of 118 bytes failed: Only part of a ReadProcessMemory or WriteProcessMemory request was completed. (0x12B)
[0506/124013.895:ERROR:process_memory_win.cc(73)] ReadMemory at 0x19555422ba6 of 96 bytes failed: Only part of a ReadProcessMemory or WriteProcessMemory request was completed. (0x12B)
[0506/124013.895:ERROR:process_memory_win.cc(73)] ReadMemory at 0x19555422c20 of 58 bytes failed: Only part of a ReadProcessMemory or WriteProcessMemory request was completed. (0x12B)
[0506/124013.895:ERROR:process_memory_win.cc(73)] ReadMemory at 0x19555422d20 of 132 bytes failed: Only part of a ReadProcessMemory or WriteProcessMemory request was completed. (0x12B)
[0506/124013.895:ERROR:process_memory_win.cc(73)] ReadMemory at 0x19555422eb0 of 132 bytes failed: Only part of a ReadProcessMemory or WriteProcessMemory request was completed. (0x12B)
[0506/124013.895:ERROR:process_memory_win.cc(73)] ReadMemory at 0x19555423070 of 126 bytes failed: Only part of a ReadProcessMemory or WriteProcessMemory request was completed. (0x12B)
[0506/124013.895:ERROR:process_memory_win.cc(73)] ReadMemory at 0x19555423450 of 132 bytes failed: Only part of a ReadProcessMemory or WriteProcessMemory request was completed. (0x12B)
[0506/124013.895:ERROR:process_memory_win.cc(73)] ReadMemory at 0x195554235e0 of 64 bytes failed: Only part of a ReadProcessMemory or WriteProcessMemory request was completed. (0x12B)
[0506/124013.895:ERROR:process_memory_win.cc(73)] ReadMemory at 0x195554237a0 of 132 bytes failed: Only part of a ReadProcessMemory or WriteProcessMemory request was completed. (0x12B)
[0506/124013.895:ERROR:process_memory_win.cc(73)] ReadMemory at 0x19555423a40 of 132 bytes failed: Only part of a ReadProcessMemory or WriteProcessMemory request was completed. (0x12B)
[0506/124013.895:ERROR:process_memory_win.cc(73)] ReadMemory at 0x19555423bd0 of 68 bytes failed: Only part of a ReadProcessMemory or WriteProcessMemory request was completed. (0x12B)
[0506/124013.895:ERROR:process_memory_win.cc(73)] ReadMemory at 0x19555424d70 of 132 bytes failed: Only part of a ReadProcessMemory or WriteProcessMemory request was completed. (0x12B)
[0506/124013.895:ERROR:process_memory_win.cc(73)] ReadMemory at 0x19555424f00 of 154 bytes failed: Only part of a ReadProcessMemory or WriteProcessMemory request was completed. (0x12B)
[0506/124013.895:ERROR:process_memory_win.cc(73)] ReadMemory at 0x19555425ce0 of 62 bytes failed: Only part of a ReadProcessMemory or WriteProcessMemory request was completed. (0x12B)
[0506/124013.895:ERROR:process_memory_win.cc(73)] ReadMemory at 0x19555425d30 of 132 bytes failed: Only part of a ReadProcessMemory or WriteProcessMemory request was completed. (0x12B)
[0506/124013.895:ERROR:process_memory_win.cc(73)] ReadMemory at 0x19555425ed0 of 60 bytes failed: Only part of a ReadProcessMemory or WriteProcessMemory request was completed. (0x12B)
[0506/124013.895:ERROR:process_memory_win.cc(73)] ReadMemory at 0x195554264d0 of 132 bytes failed: Only part of a ReadProcessMemory or WriteProcessMemory request was completed. (0x12B)
[0506/124013.895:ERROR:process_memory_win.cc(73)] ReadMemory at 0x19555428210 of 132 bytes failed: Only part of a ReadProcessMemory or WriteProcessMemory request was completed. (0x12B)
[0506/124013.895:ERROR:process_memory_win.cc(73)] ReadMemory at 0x1955542b160 of 66 bytes failed: Only part of a ReadProcessMemory or WriteProcessMemory request was completed. (0x12B)
[0506/124013.895:ERROR:process_memory_win.cc(73)] ReadMemory at 0x1955542b1b0 of 64 bytes failed: Only part of a ReadProcessMemory or WriteProcessMemory request was completed. (0x12B)
[0506/124013.895:ERROR:process_memory_win.cc(73)] ReadMemory at 0x1955542b2a0 of 62 bytes failed: Only part of a ReadProcessMemory or WriteProcessMemory request was completed. (0x12B)
[0506/124013.895:ERROR:process_memory_win.cc(73)] ReadMemory at 0x1955542b340 of 64 bytes failed: Only part of a ReadProcessMemory or WriteProcessMemory request was completed. (0x12B)
[0506/124013.895:ERROR:process_memory_win.cc(73)] ReadMemory at 0x1955542b390 of 64 bytes failed: Only part of a ReadProcessMemory or WriteProcessMemory request was completed. (0x12B)
[0506/124013.895:ERROR:process_memory_win.cc(73)] ReadMemory at 0x1955542b3e0 of 62 bytes failed: Only part of a ReadProcessMemory or WriteProcessMemory request was completed. (0x12B)
[0506/124013.895:ERROR:process_memory_win.cc(73)] ReadMemory at 0x1955542b5c0 of 64 bytes failed: Only part of a ReadProcessMemory or WriteProcessMemory request was completed. (0x12B)
[0506/124013.895:ERROR:process_memory_win.cc(73)] ReadMemory at 0x1955542b6b0 of 60 bytes failed: Only part of a ReadProcessMemory or WriteProcessMemory request was completed. (0x12B)
[0506/124013.895:ERROR:process_memory_win.cc(73)] ReadMemory at 0x1955542b840 of 60 bytes failed: Only part of a ReadProcessMemory or WriteProcessMemory request was completed. (0x12B)
[0506/124013.895:ERROR:process_memory_win.cc(73)] ReadMemory at 0x1955542ba00 of 132 bytes failed: Only part of a ReadProcessMemory or WriteProcessMemory request was completed. (0x12B)
[0506/124013.895:ERROR:process_memory_win.cc(73)] ReadMemory at 0x1955542bb30 of 132 bytes failed: Only part of a ReadProcessMemory or WriteProcessMemory request was completed. (0x12B)
[0506/124013.895:ERROR:process_memory_win.cc(73)] ReadMemory at 0x1955542bc60 of 132 bytes failed: Only part of a ReadProcessMemory or WriteProcessMemory request was completed. (0x12B)
[0506/124013.895:ERROR:process_memory_win.cc(73)] ReadMemory at 0x1955542bec0 of 132 bytes failed: Only part of a ReadProcessMemory or WriteProcessMemory request was completed. (0x12B)
[0506/124013.895:ERROR:process_memory_win.cc(73)] ReadMemory at 0x1955542bff0 of 132 bytes failed: Only part of a ReadProcessMemory or WriteProcessMemory request was completed. (0x12B)
[0506/124013.895:ERROR:process_memory_win.cc(73)] ReadMemory at 0x1955542c120 of 132 bytes failed: Only part of a ReadProcessMemory or WriteProcessMemory request was completed. (0x12B)
[0506/124013.895:ERROR:process_memory_win.cc(73)] ReadMemory at 0x1955542c250 of 132 bytes failed: Only part of a ReadProcessMemory or WriteProcessMemory request was completed. (0x12B)
[0506/124013.895:ERROR:process_memory_win.cc(73)] ReadMemory at 0x1955542c380 of 132 bytes failed: Only part of a ReadProcessMemory or WriteProcessMemory request was completed. (0x12B)
[0506/124013.895:ERROR:process_memory_win.cc(73)] ReadMemory at 0x1955542c4b0 of 132 bytes failed: Only part of a ReadProcessMemory or WriteProcessMemory request was completed. (0x12B)
[0506/124013.895:ERROR:process_memory_win.cc(73)] ReadMemory at 0x1955542c5e0 of 132 bytes failed: Only part of a ReadProcessMemory or WriteProcessMemory request was completed. (0x12B)
[0506/124013.895:ERROR:process_memory_win.cc(73)] ReadMemory at 0x1955542c710 of 132 bytes failed: Only part of a ReadProcessMemory or WriteProcessMemory request was completed. (0x12B)
[0506/124013.895:ERROR:process_memory_win.cc(73)] ReadMemory at 0x1955542c840 of 132 bytes failed: Only part of a ReadProcessMemory or WriteProcessMemory request was completed. (0x12B)
[0506/124013.895:ERROR:process_memory_win.cc(73)] ReadMemory at 0x1955542cba0 of 62 bytes failed: Only part of a ReadProcessMemory or WriteProcessMemory request was completed. (0x12B)
[0506/124013.895:ERROR:process_memory_win.cc(73)] ReadMemory at 0x1955542cd80 of 58 bytes failed: Only part of a ReadProcessMemory or WriteProcessMemory request was completed. (0x12B)
[0506/124013.895:ERROR:process_memory_win.cc(73)] ReadMemory at 0x1955542cf10 of 66 bytes failed: Only part of a ReadProcessMemory or WriteProcessMemory request was completed. (0x12B)
[0506/124013.895:ERROR:process_memory_win.cc(73)] ReadMemory at 0x1955542d050 of 58 bytes failed: Only part of a ReadProcessMemory or WriteProcessMemory request was completed. (0x12B)
[0506/124013.895:ERROR:process_memory_win.cc(73)] ReadMemory at 0x1955542d0a0 of 60 bytes failed: Only part of a ReadProcessMemory or WriteProcessMemory request was completed. (0x12B)
[0506/124013.895:ERROR:process_memory_win.cc(73)] ReadMemory at 0x1955542d1e0 of 64 bytes failed: Only part of a ReadProcessMemory or WriteProcessMemory request was completed. (0x12B)
[0506/124013.895:ERROR:process_memory_win.cc(73)] ReadMemory at 0x1955542d230 of 58 bytes failed: Only part of a ReadProcessMemory or WriteProcessMemory request was completed. (0x12B)
[0506/124013.895:ERROR:process_memory_win.cc(73)] ReadMemory at 0x1955542d370 of 62 bytes failed: Only part of a ReadProcessMemory or WriteProcessMemory request was completed. (0x12B)
[0506/124013.895:ERROR:process_memory_win.cc(73)] ReadMemory at 0x1955542d4b0 of 60 bytes failed: Only part of a ReadProcessMemory or WriteProcessMemory request was completed. (0x12B)
[0506/124013.911:ERROR:process_memory_win.cc(73)] ReadMemory at 0x1955542e450 of 132 bytes failed: Only part of a ReadProcessMemory or WriteProcessMemory request was completed. (0x12B)
[0506/124013.911:ERROR:process_memory_win.cc(73)] ReadMemory at 0x1955542e580 of 146 bytes failed: Only part of a ReadProcessMemory or WriteProcessMemory request was completed. (0x12B)
[0506/124013.911:ERROR:process_memory_win.cc(73)] ReadMemory at 0x1955542ea20 of 132 bytes failed: Only part of a ReadProcessMemory or WriteProcessMemory request was completed. (0x12B)
[0506/124013.911:ERROR:process_memory_win.cc(73)] ReadMemory at 0x1955542f880 of 132 bytes failed: Only part of a ReadProcessMemory or WriteProcessMemory request was completed. (0x12B)
[0506/124013.911:ERROR:process_memory_win.cc(73)] ReadMemory at 0x1955542fab0 of 132 bytes failed: Only part of a ReadProcessMemory or WriteProcessMemory request was completed. (0x12B)
[0506/124013.911:ERROR:process_memory_win.cc(73)] ReadMemory at 0x1955542fcd0 of 132 bytes failed: Only part of a ReadProcessMemory or WriteProcessMemory request was completed. (0x12B)
[0506/124013.911:ERROR:process_memory_win.cc(73)] ReadMemory at 0x19555431470 of 132 bytes failed: Only part of a ReadProcessMemory or WriteProcessMemory request was completed. (0x12B)
[0506/124013.911:ERROR:process_memory_win.cc(73)] ReadMemory at 0x19555433470 of 54 bytes failed: Only part of a ReadProcessMemory or WriteProcessMemory request was completed. (0x12B)
[0506/124013.911:ERROR:process_memory_win.cc(73)] ReadMemory at 0x195554342e0 of 132 bytes failed: Only part of a ReadProcessMemory or WriteProcessMemory request was completed. (0x12B)
[0506/124013.911:ERROR:process_memory_win.cc(73)] ReadMemory at 0x19555434d00 of 132 bytes failed: Only part of a ReadProcessMemory or WriteProcessMemory request was completed. (0x12B)
[0506/124013.911:ERROR:process_memory_win.cc(73)] ReadMemory at 0x195554356d0 of 78 bytes failed: Only part of a ReadProcessMemory or WriteProcessMemory request was completed. (0x12B)
[0506/124013.911:ERROR:process_memory_win.cc(73)] ReadMemory at 0x195554359d0 of 80 bytes failed: Only part of a ReadProcessMemory or WriteProcessMemory request was completed. (0x12B)
[0506/124013.911:ERROR:process_memory_win.cc(73)] ReadMemory at 0x19555435b50 of 76 bytes failed: Only part of a ReadProcessMemory or WriteProcessMemory request was completed. (0x12B)
[0506/124013.911:ERROR:process_memory_win.cc(73)] ReadMemory at 0x19555436000 of 62 bytes failed: Only part of a ReadProcessMemory or WriteProcessMemory request was completed. (0x12B)
[0506/124013.911:ERROR:process_memory_win.cc(73)] ReadMemory at 0x195554360a0 of 60 bytes failed: Only part of a ReadProcessMemory or WriteProcessMemory request was completed. (0x12B)
[0506/124013.911:ERROR:process_memory_win.cc(73)] ReadMemory at 0x195554360f0 of 60 bytes failed: Only part of a ReadProcessMemory or WriteProcessMemory request was completed. (0x12B)
[0506/124013.911:ERROR:process_memory_win.cc(73)] ReadMemory at 0x19555436140 of 62 bytes failed: Only part of a ReadProcessMemory or WriteProcessMemory request was completed. (0x12B)
[0506/124013.911:ERROR:process_memory_win.cc(73)] ReadMemory at 0x19555436190 of 64 bytes failed: Only part of a ReadProcessMemory or WriteProcessMemory request was completed. (0x12B)
[0506/124013.911:ERROR:process_memory_win.cc(73)] ReadMemory at 0x19555436230 of 58 bytes failed: Only part of a ReadProcessMemory or WriteProcessMemory request was completed. (0x12B)
[0506/124013.911:ERROR:process_memory_win.cc(73)] ReadMemory at 0x19555436280 of 62 bytes failed: Only part of a ReadProcessMemory or WriteProcessMemory request was completed. (0x12B)
[0506/124013.911:ERROR:process_memory_win.cc(73)] ReadMemory at 0x195554362d0 of 62 bytes failed: Only part of a ReadProcessMemory or WriteProcessMemory request was completed. (0x12B)
[0506/124013.911:ERROR:process_memory_win.cc(73)] ReadMemory at 0x19555436320 of 64 bytes failed: Only part of a ReadProcessMemory or WriteProcessMemory request was completed. (0x12B)
[0506/124013.911:ERROR:process_memory_win.cc(73)] ReadMemory at 0x19555436370 of 62 bytes failed: Only part of a ReadProcessMemory or WriteProcessMemory request was completed. (0x12B)
[0506/124013.911:ERROR:process_memory_win.cc(73)] ReadMemory at 0x19555436410 of 64 bytes failed: Only part of a ReadProcessMemory or WriteProcessMemory request was completed. (0x12B)
[0506/124013.911:ERROR:process_memory_win.cc(73)] ReadMemory at 0x19555436550 of 62 bytes failed: Only part of a ReadProcessMemory or WriteProcessMemory request was completed. (0x12B)
[0506/124013.911:ERROR:process_memory_win.cc(73)] ReadMemory at 0x19555436780 of 62 bytes failed: Only part of a ReadProcessMemory or WriteProcessMemory request was completed. (0x12B)
[0506/124013.911:ERROR:process_memory_win.cc(73)] ReadMemory at 0x195554368c0 of 66 bytes failed: Only part of a ReadProcessMemory or WriteProcessMemory request was completed. (0x12B)
[0506/124013.911:ERROR:process_memory_win.cc(73)] ReadMemory at 0x195554369b0 of 62 bytes failed: Only part of a ReadProcessMemory or WriteProcessMemory request was completed. (0x12B)
[0506/124013.911:ERROR:process_memory_win.cc(73)] ReadMemory at 0x19555436a00 of 60 bytes failed: Only part of a ReadProcessMemory or WriteProcessMemory request was completed. (0x12B)
[0506/124013.911:ERROR:process_memory_win.cc(73)] ReadMemory at 0x19555436aa0 of 60 bytes failed: Only part of a ReadProcessMemory or WriteProcessMemory request was completed. (0x12B)
[0506/124013.911:ERROR:process_memory_win.cc(73)] ReadMemory at 0x19555436b90 of 62 bytes failed: Only part of a ReadProcessMemory or WriteProcessMemory request was completed. (0x12B)
[0506/124013.911:ERROR:process_memory_win.cc(73)] ReadMemory at 0x19555436cd0 of 64 bytes failed: Only part of a ReadProcessMemory or WriteProcessMemory request was completed. (0x12B)
[0506/124013.911:ERROR:process_memory_win.cc(73)] ReadMemory at 0x19555436f70 of 132 bytes failed: Only part of a ReadProcessMemory or WriteProcessMemory request was completed. (0x12B)
[0506/124013.911:ERROR:process_memory_win.cc(73)] ReadMemory at 0x195554370a0 of 132 bytes failed: Only part of a ReadProcessMemory or WriteProcessMemory request was completed. (0x12B)
[0506/124013.911:ERROR:process_memory_win.cc(73)] ReadMemory at 0x195554371d0 of 132 bytes failed: Only part of a ReadProcessMemory or WriteProcessMemory request was completed. (0x12B)
[0506/124013.911:ERROR:process_memory_win.cc(73)] ReadMemory at 0x19555437300 of 132 bytes failed: Only part of a ReadProcessMemory or WriteProcessMemory request was completed. (0x12B)
[0506/124013.911:ERROR:process_memory_win.cc(73)] ReadMemory at 0x19555437430 of 132 bytes failed: Only part of a ReadProcessMemory or WriteProcessMemory request was completed. (0x12B)
[0506/124013.911:ERROR:process_memory_win.cc(73)] ReadMemory at 0x19555437690 of 132 bytes failed: Only part of a ReadProcessMemory or WriteProcessMemory request was completed. (0x12B)
[0506/124013.911:ERROR:process_memory_win.cc(73)] ReadMemory at 0x195554377c0 of 132 bytes failed: Only part of a ReadProcessMemory or WriteProcessMemory request was completed. (0x12B)
[0506/124013.911:ERROR:process_memory_win.cc(73)] ReadMemory at 0x19555437db0 of 132 bytes failed: Only part of a ReadProcessMemory or WriteProcessMemory request was completed. (0x12B)
[0506/124013.911:ERROR:process_memory_win.cc(73)] ReadMemory at 0x19555437ee0 of 132 bytes failed: Only part of a ReadProcessMemory or WriteProcessMemory request was completed. (0x12B)
[0506/124013.911:ERROR:process_memory_win.cc(73)] ReadMemory at 0x19555438010 of 132 bytes failed: Only part of a ReadProcessMemory or WriteProcessMemory request was completed. (0x12B)
[0506/124013.911:ERROR:process_memory_win.cc(73)] ReadMemory at 0x19555438140 of 132 bytes failed: Only part of a ReadProcessMemory or WriteProcessMemory request was completed. (0x12B)
[0506/124013.911:ERROR:process_memory_win.cc(73)] ReadMemory at 0x19555438270 of 132 bytes failed: Only part of a ReadProcessMemory or WriteProcessMemory request was completed. (0x12B)
[0506/124013.911:ERROR:process_memory_win.cc(73)] ReadMemory at 0x195554383a0 of 132 bytes failed: Only part of a ReadProcessMemory or WriteProcessMemory request was completed. (0x12B)
[0506/124013.911:ERROR:process_memory_win.cc(73)] ReadMemory at 0x195554384d0 of 132 bytes failed: Only part of a ReadProcessMemory or WriteProcessMemory request was completed. (0x12B)
[0506/124013.911:ERROR:process_memory_win.cc(73)] ReadMemory at 0x19555438600 of 132 bytes failed: Only part of a ReadProcessMemory or WriteProcessMemory request was completed. (0x12B)
[0506/124013.911:ERROR:process_memory_win.cc(73)] ReadMemory at 0x19555438730 of 132 bytes failed: Only part of a ReadProcessMemory or WriteProcessMemory request was completed. (0x12B)
[0506/124013.911:ERROR:process_memory_win.cc(73)] ReadMemory at 0x19555438860 of 132 bytes failed: Only part of a ReadProcessMemory or WriteProcessMemory request was completed. (0x12B)
[0506/124013.911:ERROR:process_memory_win.cc(73)] ReadMemory at 0x19555438990 of 132 bytes failed: Only part of a ReadProcessMemory or WriteProcessMemory request was completed. (0x12B)
[0506/124013.911:ERROR:process_memory_win.cc(73)] ReadMemory at 0x19555438ac0 of 132 bytes failed: Only part of a ReadProcessMemory or WriteProcessMemory request was completed. (0x12B)
[0506/124013.911:ERROR:process_memory_win.cc(73)] ReadMemory at 0x19555438bf0 of 132 bytes failed: Only part of a ReadProcessMemory or WriteProcessMemory request was completed. (0x12B)
[0506/124013.911:ERROR:process_memory_win.cc(73)] ReadMemory at 0x19555438d20 of 132 bytes failed: Only part of a ReadProcessMemory or WriteProcessMemory request was completed. (0x12B)
[0506/124013.911:ERROR:process_memory_win.cc(73)] ReadMemory at 0x19555453af0 of 512 bytes failed: Only part of a ReadProcessMemory or WriteProcessMemory request was completed. (0x12B)
[0506/124013.911:ERROR:process_memory_win.cc(73)] ReadMemory at 0x19555457650 of 512 bytes failed: Only part of a ReadProcessMemory or WriteProcessMemory request was completed. (0x12B)
[0506/124013.911:ERROR:process_memory_win.cc(73)] ReadMemory at 0x19555590ca0 of 512 bytes failed: Only part of a ReadProcessMemory or WriteProcessMemory request was completed. (0x12B)
[0506/124013.911:ERROR:process_memory_win.cc(73)] ReadMemory at 0x19555590ee0 of 512 bytes failed: Only part of a ReadProcessMemory or WriteProcessMemory request was completed. (0x12B)
[0506/124013.911:ERROR:process_memory_win.cc(73)] ReadMemory at 0x195556660e0 of 512 bytes failed: Only part of a ReadProcessMemory or WriteProcessMemory request was completed. (0x12B)
[0506/124013.911:ERROR:process_memory_win.cc(73)] ReadMemory at 0x1955567c4e0 of 712 bytes failed: Only part of a ReadProcessMemory or WriteProcessMemory request was completed. (0x12B)
[0506/124013.911:ERROR:process_memory_win.cc(73)] ReadMemory at 0x195556825e0 of 512 bytes failed: Only part of a ReadProcessMemory or WriteProcessMemory request was completed. (0x12B)
[0506/124013.911:ERROR:process_memory_win.cc(73)] ReadMemory at 0x19555685703 of 512 bytes failed: Only part of a ReadProcessMemory or WriteProcessMemory request was completed. (0x12B)
[0506/124013.911:ERROR:process_memory_win.cc(73)] ReadMemory at 0x1955727bac0 of 512 bytes failed: Only part of a ReadProcessMemory or WriteProcessMemory request was completed. (0x12B)
[0506/124013.911:ERROR:process_memory_win.cc(73)] ReadMemory at 0x195577fc730 of 512 bytes failed: Only part of a ReadProcessMemory or WriteProcessMemory request was completed. (0x12B)
[0506/124013.911:ERROR:process_memory_win.cc(73)] ReadMemory at 0x1955789c0e0 of 520 bytes failed: Only part of a ReadProcessMemory or WriteProcessMemory request was completed. (0x12B)
[0506/124013.911:ERROR:process_memory_win.cc(73)] ReadMemory at 0x195578e6158 of 512 bytes failed: Only part of a ReadProcessMemory or WriteProcessMemory request was completed. (0x12B)
[0506/124013.911:ERROR:process_memory_win.cc(73)] ReadMemory at 0x19557a004c0 of 512 bytes failed: Only part of a ReadProcessMemory or WriteProcessMemory request was completed. (0x12B)
[0506/124013.911:ERROR:process_memory_win.cc(73)] ReadMemory at 0x1955a300000 of 384 bytes failed: Only part of a ReadProcessMemory or WriteProcessMemory request was completed. (0x12B)
[0506/124013.911:ERROR:process_memory_win.cc(73)] ReadMemory at 0x1955a310020 of 512 bytes failed: Only part of a ReadProcessMemory or WriteProcessMemory request was completed. (0x12B)
[0506/124013.911:ERROR:process_memory_win.cc(73)] ReadMemory at 0x1955a31e210 of 752 bytes failed: Only part of a ReadProcessMemory or WriteProcessMemory request was completed. (0x12B)
[0506/124013.911:ERROR:process_memory_win.cc(73)] ReadMemory at 0x1955a806a90 of 512 bytes failed: Only part of a ReadProcessMemory or WriteProcessMemory request was completed. (0x12B)
[0506/124013.911:ERROR:process_memory_win.cc(73)] ReadMemory at 0x1955aaed780 of 512 bytes failed: Only part of a ReadProcessMemory or WriteProcessMemory request was completed. (0x12B)
[0506/124013.911:ERROR:process_memory_win.cc(73)] ReadMemory at 0x7ff96b7d943c of 512 bytes failed: Only part of a ReadProcessMemory or WriteProcessMemory request was completed. (0x12B)
[0506/124013.927:ERROR:scoped_process_suspend.cc(40)] NtResumeProcess: An attempt was made to access an exiting process. (0xc000010a)
[0506/131553.346:ERROR:process_reader_win.cc(182)] ResumeThread: The parameter is incorrect. (0x57)
[0506/131553.346:ERROR:process_reader_win.cc(151)] SuspendThread: Access is denied. (0x5)
[0506/131553.346:ERROR:process_reader_win.cc(151)] SuspendThread: Access is denied. (0x5)
[0506/131553.374:ERROR:process_memory_win.cc(73)] ReadMemory at 0x23a08d80810 of 72 bytes failed: Only part of a ReadProcessMemory or WriteProcessMemory request was completed. (0x12B)
[0506/131553.374:WARNING:pe_image_annotations_reader.cc(134)] could not read annotations list object in C:\Program Files (x86)\Google\Chrome\Application\81.0.4044.129\chrome_elf.dll
[0506/131553.376:ERROR:process_memory_win.cc(73)] ReadMemory at 0x23a090d5690 of 72 bytes failed: Only part of a ReadProcessMemory or WriteProcessMemory request was completed. (0x12B)
[0506/131553.376:WARNING:pe_image_annotations_reader.cc(134)] could not read annotations list object in C:\Program Files (x86)\Google\Chrome\Application\81.0.4044.129\chrome.dll
[0506/131553.376:ERROR:process_memory_win.cc(73)] ReadMemory at 0x23a08d80810 of 72 bytes failed: Only part of a ReadProcessMemory or WriteProcessMemory request was completed. (0x12B)
[0506/131553.376:WARNING:pe_image_annotations_reader.cc(134)] could not read annotations list object in C:\Program Files (x86)\Google\Chrome\Application\81.0.4044.129\chrome_elf.dll
[0506/131553.376:ERROR:process_memory_win.cc(73)] ReadMemory at 0x23a090d5690 of 72 bytes failed: Only part of a ReadProcessMemory or WriteProcessMemory request was completed. (0x12B)
[0506/131553.376:WARNING:pe_image_annotations_reader.cc(134)] could not read annotations list object in C:\Program Files (x86)\Google\Chrome\Application\81.0.4044.129\chrome.dll
[0506/131553.376:ERROR:process_memory_win.cc(73)] ReadMemory at 0x23a08d80810 of 72 bytes failed: Only part of a ReadProcessMemory or WriteProcessMemory request was completed. (0x12B)
[0506/131553.376:WARNING:pe_image_annotations_reader.cc(134)] could not read annotations list object in C:\Program Files (x86)\Google\Chrome\Application\81.0.4044.129\chrome_elf.dll
[0506/131553.376:ERROR:process_memory_win.cc(73)] ReadMemory at 0x23a090d5690 of 72 bytes failed: Only part of a ReadProcessMemory or WriteProcessMemory request was completed. (0x12B)
[0506/131553.376:WARNING:pe_image_annotations_reader.cc(134)] could not read annotations list object in C:\Program Files (x86)\Google\Chrome\Application\81.0.4044.129\chrome.dll
[0506/131553.387:ERROR:process_memory_win.cc(73)] ReadMemory at 0x76d91ea000 of 90112 bytes failed: Only part of a ReadProcessMemory or WriteProcessMemory request was completed. (0x12B)
[0506/131553.387:ERROR:process_memory_win.cc(73)] ReadMemory at 0x76d99fd000 of 12288 bytes failed: Only part of a ReadProcessMemory or WriteProcessMemory request was completed. (0x12B)
[0506/131553.387:ERROR:process_memory_win.cc(73)] ReadMemory at 0x76da1f4000 of 49152 bytes failed: Only part of a ReadProcessMemory or WriteProcessMemory request was completed. (0x12B)
[0506/131553.387:ERROR:process_memory_win.cc(73)] ReadMemory at 0x76da9fc000 of 16384 bytes failed: Only part of a ReadProcessMemory or WriteProcessMemory request was completed. (0x12B)
[0506/131553.387:ERROR:process_memory_win.cc(73)] ReadMemory at 0x76db1fc000 of 16384 bytes failed: Only part of a ReadProcessMemory or WriteProcessMemory request was completed. (0x12B)
[0506/131553.387:ERROR:process_memory_win.cc(73)] ReadMemory at 0x76db9ff000 of 4096 bytes failed: Only part of a ReadProcessMemory or WriteProcessMemory request was completed. (0x12B)
[0506/131553.387:ERROR:process_memory_win.cc(73)] ReadMemory at 0x76dc1fd000 of 12288 bytes failed: Only part of a ReadProcessMemory or WriteProcessMemory request was completed. (0x12B)
[0506/131553.387:ERROR:process_memory_win.cc(73)] ReadMemory at 0x76dc9fb000 of 20480 bytes failed: Only part of a ReadProcessMemory or WriteProcessMemory request was completed. (0x12B)
[0506/131553.387:ERROR:process_memory_win.cc(73)] ReadMemory at 0x76dd1fd000 of 12288 bytes failed: Only part of a ReadProcessMemory or WriteProcessMemory request was completed. (0x12B)
[0506/131553.387:ERROR:process_memory_win.cc(73)] ReadMemory at 0x76dd9fa000 of 24576 bytes failed: Only part of a ReadProcessMemory or WriteProcessMemory request was completed. (0x12B)
[0506/131553.387:ERROR:process_memory_win.cc(73)] ReadMemory at 0x76de1fb000 of 20480 bytes failed: Only part of a ReadProcessMemory or WriteProcessMemory request was completed. (0x12B)
[0506/131553.387:ERROR:process_memory_win.cc(73)] ReadMemory at 0x76d895a000 of 852 bytes failed: Only part of a ReadProcessMemory or WriteProcessMemory request was completed. (0x12B)
[0506/131553.387:ERROR:process_memory_win.cc(73)] ReadMemory at 0x76d895b000 of 6024 bytes failed: Only part of a ReadProcessMemory or WriteProcessMemory request was completed. (0x12B)
[0506/131553.387:ERROR:process_memory_win.cc(73)] ReadMemory at 0x76d895d000 of 6024 bytes failed: Only part of a ReadProcessMemory or WriteProcessMemory request was completed. (0x12B)
[0506/131553.387:ERROR:process_memory_win.cc(73)] ReadMemory at 0x76d895f000 of 6024 bytes failed: Only part of a ReadProcessMemory or WriteProcessMemory request was completed. (0x12B)
[0506/131553.387:ERROR:process_memory_win.cc(73)] ReadMemory at 0x76d8961000 of 6024 bytes failed: Only part of a ReadProcessMemory or WriteProcessMemory request was completed. (0x12B)
[0506/131553.387:ERROR:process_memory_win.cc(73)] ReadMemory at 0x76d8963000 of 6024 bytes failed: Only part of a ReadProcessMemory or WriteProcessMemory request was completed. (0x12B)
[0506/131553.387:ERROR:process_memory_win.cc(73)] ReadMemory at 0x76d8965000 of 6024 bytes failed: Only part of a ReadProcessMemory or WriteProcessMemory request was completed. (0x12B)
[0506/131553.387:ERROR:process_memory_win.cc(73)] ReadMemory at 0x76d8967000 of 6024 bytes failed: Only part of a ReadProcessMemory or WriteProcessMemory request was completed. (0x12B)
[0506/131553.387:ERROR:process_memory_win.cc(73)] ReadMemory at 0x76d8969000 of 6024 bytes failed: Only part of a ReadProcessMemory or WriteProcessMemory request was completed. (0x12B)
[0506/131553.387:ERROR:process_memory_win.cc(73)] ReadMemory at 0x76d896b000 of 6024 bytes failed: Only part of a ReadProcessMemory or WriteProcessMemory request was completed. (0x12B)
[0506/131553.387:ERROR:process_memory_win.cc(73)] ReadMemory at 0x76d896d000 of 6024 bytes failed: Only part of a ReadProcessMemory or WriteProcessMemory request was completed. (0x12B)
[0506/131553.387:ERROR:process_memory_win.cc(73)] ReadMemory at 0x76d896f000 of 6024 bytes failed: Only part of a ReadProcessMemory or WriteProcessMemory request was completed. (0x12B)
[0506/131553.387:ERROR:process_memory_win.cc(73)] ReadMemory at 0x23a08ad0750 of 80 bytes failed: Only part of a ReadProcessMemory or WriteProcessMemory request was completed. (0x12B)
[0506/131553.387:ERROR:process_memory_win.cc(73)] ReadMemory at 0x23a08ad0fe0 of 4072 bytes failed: Only part of a ReadProcessMemory or WriteProcessMemory request was completed. (0x12B)
[0506/131553.387:ERROR:process_memory_win.cc(73)] ReadMemory at 0x23a08ad1fd0 of 1012 bytes failed: Only part of a ReadProcessMemory or WriteProcessMemory request was completed. (0x12B)
[0506/131553.387:ERROR:process_memory_win.cc(73)] ReadMemory at 0x23a08ad2618 of 118 bytes failed: Only part of a ReadProcessMemory or WriteProcessMemory request was completed. (0x12B)
[0506/131553.387:ERROR:process_memory_win.cc(73)] ReadMemory at 0x23a08ad2690 of 1182 bytes failed: Only part of a ReadProcessMemory or WriteProcessMemory request was completed. (0x12B)
[0506/131553.387:ERROR:process_memory_win.cc(73)] ReadMemory at 0x23a08ad2b30 of 118 bytes failed: Only part of a ReadProcessMemory or WriteProcessMemory request was completed. (0x12B)
[0506/131553.387:ERROR:process_memory_win.cc(73)] ReadMemory at 0x23a08ad2ba8 of 96 bytes failed: Only part of a ReadProcessMemory or WriteProcessMemory request was completed. (0x12B)
[0506/131553.387:ERROR:process_memory_win.cc(73)] ReadMemory at 0x23a08ad2c20 of 58 bytes failed: Only part of a ReadProcessMemory or WriteProcessMemory request was completed. (0x12B)
[0506/131553.387:ERROR:process_memory_win.cc(73)] ReadMemory at 0x23a08ad2d20 of 132 bytes failed: Only part of a ReadProcessMemory or WriteProcessMemory request was completed. (0x12B)
[0506/131553.387:ERROR:process_memory_win.cc(73)] ReadMemory at 0x23a08ad2eb0 of 132 bytes failed: Only part of a ReadProcessMemory or WriteProcessMemory request was completed. (0x12B)
[0506/131553.387:ERROR:process_memory_win.cc(73)] ReadMemory at 0x23a08ad3070 of 126 bytes failed: Only part of a ReadProcessMemory or WriteProcessMemory request was completed. (0x12B)
[0506/131553.387:ERROR:process_memory_win.cc(73)] ReadMemory at 0x23a08ad3450 of 132 bytes failed: Only part of a ReadProcessMemory or WriteProcessMemory request was completed. (0x12B)
[0506/131553.387:ERROR:process_memory_win.cc(73)] ReadMemory at 0x23a08ad35e0 of 64 bytes failed: Only part of a ReadProcessMemory or WriteProcessMemory request was completed. (0x12B)
[0506/131553.387:ERROR:process_memory_win.cc(73)] ReadMemory at 0x23a08ad37a0 of 132 bytes failed: Only part of a ReadProcessMemory or WriteProcessMemory request was completed. (0x12B)
[0506/131553.387:ERROR:process_memory_win.cc(73)] ReadMemory at 0x23a08ad3a40 of 132 bytes failed: Only part of a ReadProcessMemory or WriteProcessMemory request was completed. (0x12B)
[0506/131553.387:ERROR:process_memory_win.cc(73)] ReadMemory at 0x23a08ad3bd0 of 68 bytes failed: Only part of a ReadProcessMemory or WriteProcessMemory request was completed. (0x12B)
[0506/131553.387:ERROR:process_memory_win.cc(73)] ReadMemory at 0x23a08ad4d70 of 132 bytes failed: Only part of a ReadProcessMemory or WriteProcessMemory request was completed. (0x12B)
[0506/131553.387:ERROR:process_memory_win.cc(73)] ReadMemory at 0x23a08ad4f00 of 154 bytes failed: Only part of a ReadProcessMemory or WriteProcessMemory request was completed. (0x12B)
[0506/131553.387:ERROR:process_memory_win.cc(73)] ReadMemory at 0x23a08ad5ce0 of 62 bytes failed: Only part of a ReadProcessMemory or WriteProcessMemory request was completed. (0x12B)
[0506/131553.387:ERROR:process_memory_win.cc(73)] ReadMemory at 0x23a08ad5d30 of 132 bytes failed: Only part of a ReadProcessMemory or WriteProcessMemory request was completed. (0x12B)
[0506/131553.387:ERROR:process_memory_win.cc(73)] ReadMemory at 0x23a08ad5ed0 of 60 bytes failed: Only part of a ReadProcessMemory or WriteProcessMemory request was completed. (0x12B)
[0506/131553.387:ERROR:process_memory_win.cc(73)] ReadMemory at 0x23a08ad64d0 of 132 bytes failed: Only part of a ReadProcessMemory or WriteProcessMemory request was completed. (0x12B)
[0506/131553.387:ERROR:process_memory_win.cc(73)] ReadMemory at 0x23a08ad8210 of 132 bytes failed: Only part of a ReadProcessMemory or WriteProcessMemory request was completed. (0x12B)
[0506/131553.387:ERROR:process_memory_win.cc(73)] ReadMemory at 0x23a08adb200 of 64 bytes failed: Only part of a ReadProcessMemory or WriteProcessMemory request was completed. (0x12B)
[0506/131553.387:ERROR:process_memory_win.cc(73)] ReadMemory at 0x23a08adb390 of 64 bytes failed: Only part of a ReadProcessMemory or WriteProcessMemory request was completed. (0x12B)
[0506/131553.387:ERROR:process_memory_win.cc(73)] ReadMemory at 0x23a08adb4d0 of 62 bytes failed: Only part of a ReadProcessMemory or WriteProcessMemory request was completed. (0x12B)
[0506/131553.387:ERROR:process_memory_win.cc(73)] ReadMemory at 0x23a08adb570 of 64 bytes failed: Only part of a ReadProcessMemory or WriteProcessMemory request was completed. (0x12B)
[0506/131553.387:ERROR:process_memory_win.cc(73)] ReadMemory at 0x23a08adb660 of 64 bytes failed: Only part of a ReadProcessMemory or WriteProcessMemory request was completed. (0x12B)
[0506/131553.387:ERROR:process_memory_win.cc(73)] ReadMemory at 0x23a08adb6b0 of 66 bytes failed: Only part of a ReadProcessMemory or WriteProcessMemory request was completed. (0x12B)
[0506/131553.387:ERROR:process_memory_win.cc(73)] ReadMemory at 0x23a08adb700 of 60 bytes failed: Only part of a ReadProcessMemory or WriteProcessMemory request was completed. (0x12B)
[0506/131553.387:ERROR:process_memory_win.cc(73)] ReadMemory at 0x23a08adb750 of 62 bytes failed: Only part of a ReadProcessMemory or WriteProcessMemory request was completed. (0x12B)
[0506/131553.387:ERROR:process_memory_win.cc(73)] ReadMemory at 0x23a08adb7a0 of 60 bytes failed: Only part of a ReadProcessMemory or WriteProcessMemory request was completed. (0x12B)
[0506/131553.387:ERROR:process_memory_win.cc(73)] ReadMemory at 0x23a08adbb30 of 132 bytes failed: Only part of a ReadProcessMemory or WriteProcessMemory request was completed. (0x12B)
[0506/131553.387:ERROR:process_memory_win.cc(73)] ReadMemory at 0x23a08adbc60 of 132 bytes failed: Only part of a ReadProcessMemory or WriteProcessMemory request was completed. (0x12B)
[0506/131553.387:ERROR:process_memory_win.cc(73)] ReadMemory at 0x23a08adbd90 of 132 bytes failed: Only part of a ReadProcessMemory or WriteProcessMemory request was completed. (0x12B)
[0506/131553.387:ERROR:process_memory_win.cc(73)] ReadMemory at 0x23a08adbec0 of 132 bytes failed: Only part of a ReadProcessMemory or WriteProcessMemory request was completed. (0x12B)
[0506/131553.387:ERROR:process_memory_win.cc(73)] ReadMemory at 0x23a08adbff0 of 132 bytes failed: Only part of a ReadProcessMemory or WriteProcessMemory request was completed. (0x12B)
[0506/131553.387:ERROR:process_memory_win.cc(73)] ReadMemory at 0x23a08adc120 of 132 bytes failed: Only part of a ReadProcessMemory or WriteProcessMemory request was completed. (0x12B)
[0506/131553.387:ERROR:process_memory_win.cc(73)] ReadMemory at 0x23a08adc250 of 132 bytes failed: Only part of a ReadProcessMemory or WriteProcessMemory request was completed. (0x12B)
[0506/131553.387:ERROR:process_memory_win.cc(73)] ReadMemory at 0x23a08adc380 of 132 bytes failed: Only part of a ReadProcessMemory or WriteProcessMemory request was completed. (0x12B)
[0506/131553.387:ERROR:process_memory_win.cc(73)] ReadMemory at 0x23a08adc4b0 of 132 bytes failed: Only part of a ReadProcessMemory or WriteProcessMemory request was completed. (0x12B)
[0506/131553.387:ERROR:process_memory_win.cc(73)] ReadMemory at 0x23a08adc5e0 of 132 bytes failed: Only part of a ReadProcessMemory or WriteProcessMemory request was completed. (0x12B)
[0506/131553.387:ERROR:process_memory_win.cc(73)] ReadMemory at 0x23a08adc710 of 132 bytes failed: Only part of a ReadProcessMemory or WriteProcessMemory request was completed. (0x12B)
[0506/131553.387:ERROR:process_memory_win.cc(73)] ReadMemory at 0x23a08adc840 of 132 bytes failed: Only part of a ReadProcessMemory or WriteProcessMemory request was completed. (0x12B)
[0506/131553.387:ERROR:process_memory_win.cc(73)] ReadMemory at 0x23a08adcb00 of 62 bytes failed: Only part of a ReadProcessMemory or WriteProcessMemory request was completed. (0x12B)
[0506/131553.387:ERROR:process_memory_win.cc(73)] ReadMemory at 0x23a08add050 of 62 bytes failed: Only part of a ReadProcessMemory or WriteProcessMemory request was completed. (0x12B)
[0506/131553.387:ERROR:process_memory_win.cc(73)] ReadMemory at 0x23a08add190 of 60 bytes failed: Only part of a ReadProcessMemory or WriteProcessMemory request was completed. (0x12B)
[0506/131553.387:ERROR:process_memory_win.cc(73)] ReadMemory at 0x23a08add1e0 of 58 bytes failed: Only part of a ReadProcessMemory or WriteProcessMemory request was completed. (0x12B)
[0506/131553.387:ERROR:process_memory_win.cc(73)] ReadMemory at 0x23a08add370 of 66 bytes failed: Only part of a ReadProcessMemory or WriteProcessMemory request was completed. (0x12B)
[0506/131553.387:ERROR:process_memory_win.cc(73)] ReadMemory at 0x23a08add500 of 64 bytes failed: Only part of a ReadProcessMemory or WriteProcessMemory request was completed. (0x12B)
[0506/131553.387:ERROR:process_memory_win.cc(73)] ReadMemory at 0x23a08add5a0 of 58 bytes failed: Only part of a ReadProcessMemory or WriteProcessMemory request was completed. (0x12B)
[0506/131553.387:ERROR:process_memory_win.cc(73)] ReadMemory at 0x23a08add820 of 60 bytes failed: Only part of a ReadProcessMemory or WriteProcessMemory request was completed. (0x12B)
[0506/131553.387:ERROR:process_memory_win.cc(73)] ReadMemory at 0x23a08add870 of 58 bytes failed: Only part of a ReadProcessMemory or WriteProcessMemory request was completed. (0x12B)
[0506/131553.387:ERROR:process_memory_win.cc(73)] ReadMemory at 0x23a08ade450 of 132 bytes failed: Only part of a ReadProcessMemory or WriteProcessMemory request was completed. (0x12B)
[0506/131553.387:ERROR:process_memory_win.cc(73)] ReadMemory at 0x23a08ade580 of 146 bytes failed: Only part of a ReadProcessMemory or WriteProcessMemory request was completed. (0x12B)
[0506/131553.387:ERROR:process_memory_win.cc(73)] ReadMemory at 0x23a08adea20 of 132 bytes failed: Only part of a ReadProcessMemory or WriteProcessMemory request was completed. (0x12B)
[0506/131553.387:ERROR:process_memory_win.cc(73)] ReadMemory at 0x23a08adf880 of 132 bytes failed: Only part of a ReadProcessMemory or WriteProcessMemory request was completed. (0x12B)
[0506/131553.387:ERROR:process_memory_win.cc(73)] ReadMemory at 0x23a08adfab0 of 132 bytes failed: Only part of a ReadProcessMemory or WriteProcessMemory request was completed. (0x12B)
[0506/131553.387:ERROR:process_memory_win.cc(73)] ReadMemory at 0x23a08adfcd0 of 132 bytes failed: Only part of a ReadProcessMemory or WriteProcessMemory request was completed. (0x12B)
[0506/131553.387:ERROR:process_memory_win.cc(73)] ReadMemory at 0x23a08ae1470 of 132 bytes failed: Only part of a ReadProcessMemory or WriteProcessMemory request was completed. (0x12B)
[0506/131553.387:ERROR:process_memory_win.cc(73)] ReadMemory at 0x23a08ae3af0 of 54 bytes failed: Only part of a ReadProcessMemory or WriteProcessMemory request was completed. (0x12B)
[0506/131553.387:ERROR:process_memory_win.cc(73)] ReadMemory at 0x23a08ae42e0 of 132 bytes failed: Only part of a ReadProcessMemory or WriteProcessMemory request was completed. (0x12B)
[0506/131553.387:ERROR:process_memory_win.cc(73)] ReadMemory at 0x23a08ae4d00 of 132 bytes failed: Only part of a ReadProcessMemory or WriteProcessMemory request was completed. (0x12B)
[0506/131553.387:ERROR:process_memory_win.cc(73)] ReadMemory at 0x23a08ae5250 of 78 bytes failed: Only part of a ReadProcessMemory or WriteProcessMemory request was completed. (0x12B)
[0506/131553.387:ERROR:process_memory_win.cc(73)] ReadMemory at 0x23a08ae57f0 of 80 bytes failed: Only part of a ReadProcessMemory or WriteProcessMemory request was completed. (0x12B)
[0506/131553.387:ERROR:process_memory_win.cc(73)] ReadMemory at 0x23a08ae5e50 of 76 bytes failed: Only part of a ReadProcessMemory or WriteProcessMemory request was completed. (0x12B)
[0506/131553.387:ERROR:process_memory_win.cc(73)] ReadMemory at 0x23a08ae5f60 of 64 bytes failed: Only part of a ReadProcessMemory or WriteProcessMemory request was completed. (0x12B)
[0506/131553.387:ERROR:process_memory_win.cc(73)] ReadMemory at 0x23a08ae5fb0 of 64 bytes failed: Only part of a ReadProcessMemory or WriteProcessMemory request was completed. (0x12B)
[0506/131553.387:ERROR:process_memory_win.cc(73)] ReadMemory at 0x23a08ae6000 of 64 bytes failed: Only part of a ReadProcessMemory or WriteProcessMemory request was completed. (0x12B)
[0506/131553.387:ERROR:process_memory_win.cc(73)] ReadMemory at 0x23a08ae6190 of 62 bytes failed: Only part of a ReadProcessMemory or WriteProcessMemory request was completed. (0x12B)
[0506/131553.387:ERROR:process_memory_win.cc(73)] ReadMemory at 0x23a08ae6320 of 60 bytes failed: Only part of a ReadProcessMemory or WriteProcessMemory request was completed. (0x12B)
[0506/131553.395:ERROR:process_memory_win.cc(73)] ReadMemory at 0x23a08ae6370 of 62 bytes failed: Only part of a ReadProcessMemory or WriteProcessMemory request was completed. (0x12B)
[0506/131553.395:ERROR:process_memory_win.cc(73)] ReadMemory at 0x23a08ae6410 of 60 bytes failed: Only part of a ReadProcessMemory or WriteProcessMemory request was completed. (0x12B)
[0506/131553.395:ERROR:process_memory_win.cc(73)] ReadMemory at 0x23a08ae6550 of 62 bytes failed: Only part of a ReadProcessMemory or WriteProcessMemory request was completed. (0x12B)
[0506/131553.395:ERROR:process_memory_win.cc(73)] ReadMemory at 0x23a08ae65a0 of 62 bytes failed: Only part of a ReadProcessMemory or WriteProcessMemory request was completed. (0x12B)
[0506/131553.395:ERROR:process_memory_win.cc(73)] ReadMemory at 0x23a08ae65f0 of 60 bytes failed: Only part of a ReadProcessMemory or WriteProcessMemory request was completed. (0x12B)
[0506/131553.395:ERROR:process_memory_win.cc(73)] ReadMemory at 0x23a08ae6640 of 62 bytes failed: Only part of a ReadProcessMemory or WriteProcessMemory request was completed. (0x12B)
[0506/131553.395:ERROR:process_memory_win.cc(73)] ReadMemory at 0x23a08ae6690 of 60 bytes failed: Only part of a ReadProcessMemory or WriteProcessMemory request was completed. (0x12B)
[0506/131553.395:ERROR:process_memory_win.cc(73)] ReadMemory at 0x23a08ae6730 of 58 bytes failed: Only part of a ReadProcessMemory or WriteProcessMemory request was completed. (0x12B)
[0506/131553.395:ERROR:process_memory_win.cc(73)] ReadMemory at 0x23a08ae6960 of 62 bytes failed: Only part of a ReadProcessMemory or WriteProcessMemory request was completed. (0x12B)
[0506/131553.395:ERROR:process_memory_win.cc(73)] ReadMemory at 0x23a08ae6a00 of 66 bytes failed: Only part of a ReadProcessMemory or WriteProcessMemory request was completed. (0x12B)
[0506/131553.395:ERROR:process_memory_win.cc(73)] ReadMemory at 0x23a08ae6a50 of 62 bytes failed: Only part of a ReadProcessMemory or WriteProcessMemory request was completed. (0x12B)
[0506/131553.395:ERROR:process_memory_win.cc(73)] ReadMemory at 0x23a08ae6aa0 of 62 bytes failed: Only part of a ReadProcessMemory or WriteProcessMemory request was completed. (0x12B)
[0506/131553.395:ERROR:process_memory_win.cc(73)] ReadMemory at 0x23a08ae6e60 of 62 bytes failed: Only part of a ReadProcessMemory or WriteProcessMemory request was completed. (0x12B)
[0506/131553.395:ERROR:process_memory_win.cc(73)] ReadMemory at 0x23a08ae6eb0 of 64 bytes failed: Only part of a ReadProcessMemory or WriteProcessMemory request was completed. (0x12B)
[0506/131553.395:ERROR:process_memory_win.cc(73)] ReadMemory at 0x23a08ae6f70 of 132 bytes failed: Only part of a ReadProcessMemory or WriteProcessMemory request was completed. (0x12B)
[0506/131553.395:ERROR:process_memory_win.cc(73)] ReadMemory at 0x23a08ae70a0 of 132 bytes failed: Only part of a ReadProcessMemory or WriteProcessMemory request was completed. (0x12B)
[0506/131553.396:ERROR:process_memory_win.cc(73)] ReadMemory at 0x23a08ae71d0 of 132 bytes failed: Only part of a ReadProcessMemory or WriteProcessMemory request was completed. (0x12B)
[0506/131553.396:ERROR:process_memory_win.cc(73)] ReadMemory at 0x23a08ae7300 of 132 bytes failed: Only part of a ReadProcessMemory or WriteProcessMemory request was completed. (0x12B)
[0506/131553.396:ERROR:process_memory_win.cc(73)] ReadMemory at 0x23a08ae7430 of 132 bytes failed: Only part of a ReadProcessMemory or WriteProcessMemory request was completed. (0x12B)
[0506/131553.396:ERROR:process_memory_win.cc(73)] ReadMemory at 0x23a08ae7560 of 132 bytes failed: Only part of a ReadProcessMemory or WriteProcessMemory request was completed. (0x12B)
[0506/131553.396:ERROR:process_memory_win.cc(73)] ReadMemory at 0x23a08ae7690 of 132 bytes failed: Only part of a ReadProcessMemory or WriteProcessMemory request was completed. (0x12B)
[0506/131553.396:ERROR:process_memory_win.cc(73)] ReadMemory at 0x23a08ae77c0 of 132 bytes failed: Only part of a ReadProcessMemory or WriteProcessMemory request was completed. (0x12B)
[0506/131553.396:ERROR:process_memory_win.cc(73)] ReadMemory at 0x23a08ae7b50 of 132 bytes failed: Only part of a ReadProcessMemory or WriteProcessMemory request was completed. (0x12B)
[0506/131553.396:ERROR:process_memory_win.cc(73)] ReadMemory at 0x23a08ae7db0 of 132 bytes failed: Only part of a ReadProcessMemory or WriteProcessMemory request was completed. (0x12B)
[0506/131553.396:ERROR:process_memory_win.cc(73)] ReadMemory at 0x23a08ae7ee0 of 132 bytes failed: Only part of a ReadProcessMemory or WriteProcessMemory request was completed. (0x12B)
[0506/131553.396:ERROR:process_memory_win.cc(73)] ReadMemory at 0x23a08ae8010 of 132 bytes failed: Only part of a ReadProcessMemory or WriteProcessMemory request was completed. (0x12B)
[0506/131553.396:ERROR:process_memory_win.cc(73)] ReadMemory at 0x23a08ae8140 of 132 bytes failed: Only part of a ReadProcessMemory or WriteProcessMemory request was completed. (0x12B)
[0506/131553.396:ERROR:process_memory_win.cc(73)] ReadMemory at 0x23a08ae8270 of 132 bytes failed: Only part of a ReadProcessMemory or WriteProcessMemory request was completed. (0x12B)
[0506/131553.396:ERROR:process_memory_win.cc(73)] ReadMemory at 0x23a08ae83a0 of 132 bytes failed: Only part of a ReadProcessMemory or WriteProcessMemory request was completed. (0x12B)
[0506/131553.396:ERROR:process_memory_win.cc(73)] ReadMemory at 0x23a08ae84d0 of 132 bytes failed: Only part of a ReadProcessMemory or WriteProcessMemory request was completed. (0x12B)
[0506/131553.396:ERROR:process_memory_win.cc(73)] ReadMemory at 0x23a08ae8860 of 132 bytes failed: Only part of a ReadProcessMemory or WriteProcessMemory request was completed. (0x12B)
[0506/131553.396:ERROR:process_memory_win.cc(73)] ReadMemory at 0x23a08ae8990 of 132 bytes failed: Only part of a ReadProcessMemory or WriteProcessMemory request was completed. (0x12B)
[0506/131553.396:ERROR:process_memory_win.cc(73)] ReadMemory at 0x23a08ae8ac0 of 132 bytes failed: Only part of a ReadProcessMemory or WriteProcessMemory request was completed. (0x12B)
[0506/131553.396:ERROR:process_memory_win.cc(73)] ReadMemory at 0x23a08ae8bf0 of 132 bytes failed: Only part of a ReadProcessMemory or WriteProcessMemory request was completed. (0x12B)
[0506/131553.396:ERROR:process_memory_win.cc(73)] ReadMemory at 0x23a08ae8d20 of 132 bytes failed: Only part of a ReadProcessMemory or WriteProcessMemory request was completed. (0x12B)
[0506/131553.396:ERROR:process_memory_win.cc(73)] ReadMemory at 0x23a08b03af0 of 512 bytes failed: Only part of a ReadProcessMemory or WriteProcessMemory request was completed. (0x12B)
[0506/131553.396:ERROR:process_memory_win.cc(73)] ReadMemory at 0x23a08b08340 of 512 bytes failed: Only part of a ReadProcessMemory or WriteProcessMemory request was completed. (0x12B)
[0506/131553.396:ERROR:process_memory_win.cc(73)] ReadMemory at 0x23a090f6aa0 of 800 bytes failed: Only part of a ReadProcessMemory or WriteProcessMemory request was completed. (0x12B)
[0506/131553.396:ERROR:process_memory_win.cc(73)] ReadMemory at 0x23a09101048 of 512 bytes failed: Only part of a ReadProcessMemory or WriteProcessMemory request was completed. (0x12B)
[0506/131553.398:ERROR:process_memory_win.cc(73)] ReadMemory at 0x23a0910c4e0 of 712 bytes failed: Only part of a ReadProcessMemory or WriteProcessMemory request was completed. (0x12B)
[0506/131553.398:ERROR:process_memory_win.cc(73)] ReadMemory at 0x23a091125e0 of 512 bytes failed: Only part of a ReadProcessMemory or WriteProcessMemory request was completed. (0x12B)
[0506/131553.398:ERROR:process_memory_win.cc(73)] ReadMemory at 0x23a0a9a0000 of 384 bytes failed: Only part of a ReadProcessMemory or WriteProcessMemory request was completed. (0x12B)
[0506/131553.398:ERROR:process_memory_win.cc(73)] ReadMemory at 0x23a0a9a4e40 of 512 bytes failed: Only part of a ReadProcessMemory or WriteProcessMemory request was completed. (0x12B)
[0506/131553.398:ERROR:process_memory_win.cc(73)] ReadMemory at 0x23a0a9abe00 of 512 bytes failed: Only part of a ReadProcessMemory or WriteProcessMemory request was completed. (0x12B)
[0506/131553.398:ERROR:process_memory_win.cc(73)] ReadMemory at 0x23a0aa5a2e8 of 512 bytes failed: Only part of a ReadProcessMemory or WriteProcessMemory request was completed. (0x12B)
[0506/131553.398:ERROR:process_memory_win.cc(73)] ReadMemory at 0x23a0aa6d750 of 512 bytes failed: Only part of a ReadProcessMemory or WriteProcessMemory request was completed. (0x12B)
[0506/131553.398:ERROR:process_memory_win.cc(73)] ReadMemory at 0x23a0ab2d0e0 of 512 bytes failed: Only part of a ReadProcessMemory or WriteProcessMemory request was completed. (0x12B)
[0506/131553.398:ERROR:process_memory_win.cc(73)] ReadMemory at 0x23a0b292f70 of 512 bytes failed: Only part of a ReadProcessMemory or WriteProcessMemory request was completed. (0x12B)
[0506/131553.398:ERROR:process_memory_win.cc(73)] ReadMemory at 0x23a0de46050 of 520 bytes failed: Only part of a ReadProcessMemory or WriteProcessMemory request was completed. (0x12B)
[0506/131553.398:ERROR:process_memory_win.cc(73)] ReadMemory at 0x23a0e135418 of 512 bytes failed: Only part of a ReadProcessMemory or WriteProcessMemory request was completed. (0x12B)
[0506/131553.398:ERROR:scoped_process_suspend.cc(40)] NtResumeProcess: An attempt was made to access an exiting process. (0xc000010a)
[0506/165639.792:ERROR:process_memory_win.cc(73)] ReadMemory at 0x129755f7610 of 132 bytes failed: Only part of a ReadProcessMemory or WriteProcessMemory request was completed. (0x12B)
[0506/165639.792:ERROR:process_memory_win.cc(73)] ReadMemory at 0x129755f7740 of 132 bytes failed: Only part of a ReadProcessMemory or WriteProcessMemory request was completed. (0x12B)
[0506/165639.792:ERROR:process_memory_win.cc(73)] ReadMemory at 0x129755f7c00 of 132 bytes failed: Only part of a ReadProcessMemory or WriteProcessMemory request was completed. (0x12B)
[0506/165639.792:ERROR:process_memory_win.cc(73)] ReadMemory at 0x129755f7d30 of 132 bytes failed: Only part of a ReadProcessMemory or WriteProcessMemory request was completed. (0x12B)
[0506/165639.792:ERROR:process_memory_win.cc(73)] ReadMemory at 0x129755f7e60 of 132 bytes failed: Only part of a ReadProcessMemory or WriteProcessMemory request was completed. (0x12B)
[0506/165639.792:ERROR:process_memory_win.cc(73)] ReadMemory at 0x129755f7f90 of 132 bytes failed: Only part of a ReadProcessMemory or WriteProcessMemory request was completed. (0x12B)
[0506/165639.792:ERROR:process_memory_win.cc(73)] ReadMemory at 0x129755f80c0 of 132 bytes failed: Only part of a ReadProcessMemory or WriteProcessMemory request was completed. (0x12B)
[0506/165639.792:ERROR:process_memory_win.cc(73)] ReadMemory at 0x129755f81f0 of 132 bytes failed: Only part of a ReadProcessMemory or WriteProcessMemory request was completed. (0x12B)
[0506/165639.792:ERROR:process_memory_win.cc(73)] ReadMemory at 0x129755f8320 of 132 bytes failed: Only part of a ReadProcessMemory or WriteProcessMemory request was completed. (0x12B)
[0506/165639.792:ERROR:process_memory_win.cc(73)] ReadMemory at 0x129755f8450 of 132 bytes failed: Only part of a ReadProcessMemory or WriteProcessMemory request was completed. (0x12B)
[0506/165639.792:ERROR:process_memory_win.cc(73)] ReadMemory at 0x129755f8580 of 132 bytes failed: Only part of a ReadProcessMemory or WriteProcessMemory request was completed. (0x12B)
[0506/165639.792:ERROR:process_memory_win.cc(73)] ReadMemory at 0x129755f86b0 of 132 bytes failed: Only part of a ReadProcessMemory or WriteProcessMemory request was completed. (0x12B)
[0506/165639.792:ERROR:process_memory_win.cc(73)] ReadMemory at 0x129755f87e0 of 132 bytes failed: Only part of a ReadProcessMemory or WriteProcessMemory request was completed. (0x12B)
[0506/165639.792:ERROR:process_memory_win.cc(73)] ReadMemory at 0x129755f8910 of 132 bytes failed: Only part of a ReadProcessMemory or WriteProcessMemory request was completed. (0x12B)
[0506/165639.792:ERROR:process_memory_win.cc(73)] ReadMemory at 0x129755f8a40 of 132 bytes failed: Only part of a ReadProcessMemory or WriteProcessMemory request was completed. (0x12B)
[0506/165639.792:ERROR:process_memory_win.cc(73)] ReadMemory at 0x129755f8b70 of 132 bytes failed: Only part of a ReadProcessMemory or WriteProcessMemory request was completed. (0x12B)
[0506/165639.792:ERROR:process_memory_win.cc(73)] ReadMemory at 0x12975612490 of 512 bytes failed: Only part of a ReadProcessMemory or WriteProcessMemory request was completed. (0x12B)
[0506/165639.792:ERROR:process_memory_win.cc(73)] ReadMemory at 0x12975618040 of 512 bytes failed: Only part of a ReadProcessMemory or WriteProcessMemory request was completed. (0x12B)
[0506/165639.792:ERROR:process_memory_win.cc(73)] ReadMemory at 0x12975ce6680 of 512 bytes failed: Only part of a ReadProcessMemory or WriteProcessMemory request was completed. (0x12B)
[0506/165639.792:ERROR:process_memory_win.cc(73)] ReadMemory at 0x12975ce6e00 of 512 bytes failed: Only part of a ReadProcessMemory or WriteProcessMemory request was completed. (0x12B)
[0506/165639.792:ERROR:process_memory_win.cc(73)] ReadMemory at 0x12975cf86c0 of 512 bytes failed: Only part of a ReadProcessMemory or WriteProcessMemory request was completed. (0x12B)
[0506/165639.792:ERROR:process_memory_win.cc(73)] ReadMemory at 0x12975cfc4e0 of 712 bytes failed: Only part of a ReadProcessMemory or WriteProcessMemory request was completed. (0x12B)
[0506/165639.792:ERROR:process_memory_win.cc(73)] ReadMemory at 0x12975d0a940 of 512 bytes failed: Only part of a ReadProcessMemory or WriteProcessMemory request was completed. (0x12B)
[0506/165639.792:ERROR:process_memory_win.cc(73)] ReadMemory at 0x12975d99170 of 512 bytes failed: Only part of a ReadProcessMemory or WriteProcessMemory request was completed. (0x12B)
[0506/165639.792:ERROR:process_memory_win.cc(73)] ReadMemory at 0x129775b0000 of 384 bytes failed: Only part of a ReadProcessMemory or WriteProcessMemory request was completed. (0x12B)
[0506/165639.792:ERROR:process_memory_win.cc(73)] ReadMemory at 0x129775c32b0 of 512 bytes failed: Only part of a ReadProcessMemory or WriteProcessMemory request was completed. (0x12B)
[0506/165639.792:ERROR:process_memory_win.cc(73)] ReadMemory at 0x129775c9070 of 568 bytes failed: Only part of a ReadProcessMemory or WriteProcessMemory request was completed. (0x12B)
[0506/165639.792:ERROR:process_memory_win.cc(73)] ReadMemory at 0x12977704710 of 512 bytes failed: Only part of a ReadProcessMemory or WriteProcessMemory request was completed. (0x12B)
[0506/165639.792:ERROR:process_memory_win.cc(73)] ReadMemory at 0x12977756581 of 512 bytes failed: Only part of a ReadProcessMemory or WriteProcessMemory request was completed. (0x12B)
[0506/165639.792:ERROR:process_memory_win.cc(73)] ReadMemory at 0x12977b7f970 of 520 bytes failed: Only part of a ReadProcessMemory or WriteProcessMemory request was completed. (0x12B)
[0506/165639.792:ERROR:process_memory_win.cc(73)] ReadMemory at 0x12977c09008 of 512 bytes failed: Only part of a ReadProcessMemory or WriteProcessMemory request was completed. (0x12B)
[0506/165639.792:ERROR:process_memory_win.cc(73)] ReadMemory at 0x129794cb380 of 512 bytes failed: Only part of a ReadProcessMemory or WriteProcessMemory request was completed. (0x12B)
[0506/165639.792:ERROR:process_memory_win.cc(73)] ReadMemory at 0x129794cc048 of 512 bytes failed: Only part of a ReadProcessMemory or WriteProcessMemory request was completed. (0x12B)
[0506/165639.801:ERROR:scoped_process_suspend.cc(40)] NtResumeProcess: An attempt was made to access an exiting process. (0xc000010a)
